This is pdfTeX, Version 3.141592653-2.6-1.40.24 (MiKTeX 22.10) (preloaded format=pdflatex 2023.2.20)  25 APR 2023 14:02
entering extended mode
 restricted \write18 enabled.
 %&-line parsing enabled.
**./packages.tex
(packages.tex
LaTeX2e <2022-06-01> patch level 5
L3 programming layer <2022-09-28>

! LaTeX Error: \usepackage before \documentclass.

See the LaTeX manual or LaTeX Companion for explanation.
Type  H <return>  for immediate help.
 ...                                              
                                                  
l.6 \usepackage{
                amsmath,bm,amsfonts,amssymb}    % wzory, równania, symbole ...

\usepackage may only appear in the document preamble, i.e.,
between \documentclass and \begin{document}.


! LaTeX Error: \usepackage before \documentclass.

See the LaTeX manual or LaTeX Companion for explanation.
Type  H <return>  for immediate help.
 ...                                              
                                                  
l.7 \usepackage{
                wasysym}                        % inne symbole i znaki matem...

\usepackage may only appear in the document preamble, i.e.,
between \documentclass and \begin{document}.

(C:\Users\amaks\AppData\Local\Programs\MiKTeX\tex/latex/siunitx\siunitx.sty

! Package siunitx Error: Support package expl3 too old.

See the siunitx package documentation for explanation.
Type  H <return>  for immediate help.
 ...                                              
                                                  
l.44   }
        %
You need to update your installation of the bundles 'l3kernel' and 'l3packages'
.
Loading\nobreakspace {}siunitx\nobreakspace {}will\nobreakspace {}abort!

)

! LaTeX Error: \usepackage before \documentclass.

See the LaTeX manual or LaTeX Companion for explanation.
Type  H <return>  for immediate help.
 ...                                              
                                                  
l.13 \usepackage[T1]{
                     fontenc}
\usepackage may only appear in the document preamble, i.e.,
between \documentclass and \begin{document}.


! LaTeX Error: \usepackage before \documentclass.

See the LaTeX manual or LaTeX Companion for explanation.
Type  H <return>  for immediate help.
 ...                                              
                                                  
l.14 \usepackage[utf8]{
                       inputenc}     % okresla system kodowania tekstu
\usepackage may only appear in the document preamble, i.e.,
between \documentclass and \begin{document}.


! LaTeX Error: \usepackage before \documentclass.

See the LaTeX manual or LaTeX Companion for explanation.
Type  H <return>  for immediate help.
 ...                                              
                                                  
l.15 \usepackage[polish]{
                         babel}
\usepackage may only appear in the document preamble, i.e.,
between \documentclass and \begin{document}.


! LaTeX Error: \usepackage before \documentclass.

See the LaTeX manual or LaTeX Companion for explanation.
Type  H <return>  for immediate help.
 ...                                              
                                                  
l.20 ...m, bottom=2.5cm, left=2.5cm, right=2.5cm]{
                                                  geometry} % ustawienia mar...

\usepackage may only appear in the document preamble, i.e.,
between \documentclass and \begin{document}.


! LaTeX Error: File `kantlipsum.sty' not found.

Type X to quit or <RETURN> to proceed,
or enter new name. (Default extension: sty)

Enter file name: 
! Emergency stop.
<read *> 
         
l.22 \RequirePackage
                    {lipsum}     % Lorem ipsum (wypełniacze tekstu)^^M
*** (cannot \read from terminal in nonstop modes)

 
Here is how much of TeX's memory you used:
 47 strings out of 475385
 1352 string characters out of 2776907
 340166 words of memory out of 3000000
 21522 multiletter control sequences out of 15000+600000
 469259 words of font info for 28 fonts, out of 8000000 for 9000
 1141 hyphenation exceptions out of 8191
 25i,0n,34p,113b,17s stack positions out of 10000i,1000n,20000p,200000b,80000s
!  ==> Fatal error occurred, no output PDF file produced!
