\BOOKMARK [1][]{section.1}{\376\377\000C\000e\000l\000\040\001\007\000w\000i\000c\000z\000e\000n\000i\000a}{}% 1
\BOOKMARK [1][]{section.2}{\376\377\000W\000y\000k\000o\000r\000z\000y\000s\000t\000a\000n\000e\000\040\000n\000a\000r\000z\000e\000d\000z\000i\000a\000\040\000i\000\040\000m\000a\000t\000e\000r\000i\000a\001\102\000y\000\040\000p\000o\000t\000r\000z\000e\000b\000n\000e\000\040\000d\000o\000\040\000r\000e\000p\000l\000i\000k\000a\000c\000j\000i\000\040\001\007\000w\000i\000c\000z\000e\000n\000i\000a}{}% 2
\BOOKMARK [2][]{subsection.2.1}{\376\377\000W\000y\000b\000r\000a\000n\000y\000\040\000j\001\031\000z\000y\000k\000\040\000p\000r\000o\000g\000r\000a\000m\000o\000w\000a\000n\000i\000a\000\040\000i\000\040\000i\000n\000t\000e\000r\000p\000r\000e\000t\000e\000r\000\040\000S\000p\000y\000d\000e\000r}{section.2}% 3
\BOOKMARK [2][]{subsection.2.2}{\376\377\000S\000y\000s\000t\000e\000m\000\040\000o\000p\000e\000r\000a\000c\000y\000j\000n\000y}{section.2}% 4
\BOOKMARK [2][]{subsection.2.3}{\376\377\000P\000o\000t\000r\000z\000e\000b\000n\000e\000\040\000b\000i\000b\000l\000i\000o\000t\000e\000k\000i\000\040\000i\000\040\000p\000l\000i\000k\000i}{section.2}% 5
\BOOKMARK [1][]{section.3}{\376\377\000P\000r\000z\000e\000b\000i\000e\000g\000\040\001\007\000w\000i\000c\000z\000e\000n\000i\000a}{}% 6
\BOOKMARK [2][]{subsection.3.1}{\376\377\000S\000t\000w\000o\000r\000z\000e\000n\000i\000e\000\040\000w\000t\000y\000c\000z\000k\000i}{section.3}% 7
\BOOKMARK [2][]{subsection.3.2}{\376\377\000S\000t\000w\000o\000r\000z\000e\000n\000i\000e\000\040\000-\000\040\000z\000l\000i\000c\000z\000a\000n\000i\000e\000\040\000o\000b\000i\000e\000k\000t\000\363\000w}{section.3}% 8
\BOOKMARK [2][]{subsection.3.3}{\376\377\000S\000t\000w\000o\000r\000z\000e\000n\000i\000e\000\040\000-\000\040\000R\000\363\001\174\000n\000i\000c\000a\000\040\000w\000y\000s\000o\000k\000o\001\133\000c\000i}{section.3}% 9
\BOOKMARK [2][]{subsection.3.4}{\376\377\000S\000t\000w\000o\000r\000z\000e\000n\000i\000e\000\040\000-\000\040\000A\000z\000y\000m\000u\000t}{section.3}% 10
\BOOKMARK [2][]{subsection.3.5}{\376\377\000S\000t\000w\000o\000r\000z\000e\000n\000i\000e\000\040\000-\000\040\000D\001\102\000u\000g\000o\001\133\001\007\000\040\000o\000d\000c\000i\000n\000k\000a}{section.3}% 11
\BOOKMARK [2][]{subsection.3.6}{\376\377\000S\000t\000w\000o\000r\000z\000e\000n\000i\000e\000\040\000-\000\040\000W\000y\001\133\000w\000i\000e\000t\000l\000a\000n\000i\000e\000\040\000s\000i\001\031\000\040\000w\000s\000p\000\363\001\102\000r\000z\001\031\000d\000n\000y\000c\000h}{section.3}% 12
\BOOKMARK [2][]{subsection.3.7}{\376\377\000S\000t\000w\000o\000r\000z\000e\000n\000i\000e\000\040\000-\000\040\000P\000o\000l\000e\000\040\000p\000o\000w\000i\000e\000r\000z\000c\000h\000n\000i}{section.3}% 13
\BOOKMARK [2][]{subsection.3.8}{\376\377\000S\000t\000w\000o\000r\000z\000e\000n\000i\000e\000\040\000-\000\040\000R\000e\000s\000e\000t\000\040\000Q\000L\000a\000b\000e\000l}{section.3}% 14
\BOOKMARK [2][]{subsection.3.9}{\376\377\000S\000t\000w\000o\000r\000z\000e\000n\000i\000e\000\040\000-\000\040\000W\000c\000z\000y\000t\000a\000n\000i\000e\000\040\000p\000l\000i\000k\000u}{section.3}% 15
\BOOKMARK [2][]{subsection.3.10}{\376\377\000S\000t\000w\000o\000r\000z\000e\000n\000i\000e\000\040\000-\000\040\000Z\000a\000p\000i\000s\000a\000n\000i\000e\000\040\000p\000l\000i\000k\000u}{section.3}% 16
\BOOKMARK [1][]{section.4}{\376\377\000P\000o\000d\000s\000u\000m\000o\000w\000a\000n\000i\000e}{}% 17
\BOOKMARK [2][]{subsection.4.1}{\376\377\000R\000e\000z\000u\000l\000t\000a\000t\000y}{section.4}% 18
\BOOKMARK [2][]{subsection.4.2}{\376\377\000U\000m\000i\000e\000j\001\031\000t\000n\000o\001\133\000c\000i\000\040\000n\000a\000b\000y\000t\000e}{section.4}% 19
\BOOKMARK [2][]{subsection.4.3}{\376\377\000S\000p\000o\000s\000t\000r\000z\000e\000r\000z\000e\000n\000i\000a\000,\000\040\000p\000r\000o\000b\000e\000l\000m\000y\000\040\000i\000\040\000i\000c\000h\000\040\000r\000o\000z\000w\000i\000z\000a\000n\000i\000a\000:}{section.4}% 20
